0 info it worked if it ends with ok
1 verbose cli [ '/usr/bin/node', '/usr/bin/npm', 'run', 'develop' ]
2 info using npm@3.5.2
3 info using node@v8.10.0
4 verbose run-script [ 'predevelop', 'develop', 'postdevelop' ]
5 info lifecycle api@0.1.0~predevelop: api@0.1.0
6 silly lifecycle api@0.1.0~predevelop: no script for predevelop, continuing
7 info lifecycle api@0.1.0~develop: api@0.1.0
8 verbose lifecycle api@0.1.0~develop: unsafe-perm in lifecycle true
9 verbose lifecycle api@0.1.0~develop: PATH: /usr/share/npm/bin/node-gyp-bin:/home/sanket/Desktop/strapi-github/strapi-backend/node_modules/.bin:/usr/local/sbin:/usr/local/bin:/usr/sbin:/usr/bin:/sbin:/bin:/usr/games:/usr/local/games:/snap/bin
10 verbose lifecycle api@0.1.0~develop: CWD: /home/sanket/Desktop/strapi-github/strapi-backend
11 silly lifecycle api@0.1.0~develop: Args: [ '-c', 'strapi develop' ]
12 info lifecycle api@0.1.0~develop: Failed to exec develop script
13 verbose stack Error: api@0.1.0 develop: `strapi develop`
13 verbose stack spawn ENOENT
13 verbose stack     at ChildProcess.<anonymous> (/usr/share/npm/lib/utils/spawn.js:17:16)
13 verbose stack     at emitTwo (events.js:126:13)
13 verbose stack     at ChildProcess.emit (events.js:214:7)
13 verbose stack     at maybeClose (internal/child_process.js:925:16)
13 verbose stack     at Process.ChildProcess._handle.onexit (internal/child_process.js:209:5)
14 verbose pkgid api@0.1.0
15 verbose cwd /home/sanket/Desktop/strapi-github/strapi-backend
16 error Linux 5.4.0-42-generic
17 error argv "/usr/bin/node" "/usr/bin/npm" "run" "develop"
18 error node v8.10.0
19 error npm  v3.5.2
20 error file sh
21 error code ELIFECYCLE
22 error errno ENOENT
23 error syscall spawn
24 error api@0.1.0 develop: `strapi develop`
24 error spawn ENOENT
25 error Failed at the api@0.1.0 develop script 'strapi develop'.
25 error Make sure you have the latest version of node.js and npm installed.
25 error If you do, this is most likely a problem with the api package,
25 error not with npm itself.
25 error Tell the author that this fails on your system:
25 error     strapi develop
25 error You can get information on how to open an issue for this project with:
25 error     npm bugs api
25 error Or if that isn't available, you can get their info via:
25 error     npm owner ls api
25 error There is likely additional logging output above.
26 verbose exit [ 1, true ]
